flutter application/build/app/intermediates/manifest_merge_blame_file/release/manifest-merger-blame-release-report.txt
1<?xml version="1.0" encoding="utf-8"?>
2<manifest xmlns:android="http://schemas.android.com/apk/res/android"
3    package="com.smartersvision.food_delivery_app_2"
4    android:versionCode="10"
5    android:versionName="3.0.0" >
6
7    <uses-sdk
8        android:minSdkVersion="21"
8-->src\main\AndroidManifest.xml
9        android:targetSdkVersion="33" />
9-->src\main\AndroidManifest.xml
10
11    <uses-permission android:name="android.permission.INTERNET" />
11-->src\main\AndroidManifest.xml:4:5-66
11-->src\main\AndroidManifest.xml:4:22-64
12    <uses-permission android:name="android.permission.ACCESS_FINE_LOCATION" />
12-->src\main\AndroidManifest.xml:5:5-78
12-->src\main\AndroidManifest.xml:5:22-76
13    <uses-permission android:name="android.permission.ACCESS_COARSE_LOCATION" />
13-->src\main\AndroidManifest.xml:6:5-80
13-->src\main\AndroidManifest.xml:6:22-78
14    <uses-permission android:name="android.permission.ACCESS_NETWORK_STATE" />
14-->src\main\AndroidManifest.xml:7:5-79
14-->src\main\AndroidManifest.xml:7:22-76
15    <uses-permission android:name="android.permission.WAKE_LOCK" /> <!-- Permissions options for the `notification` group -->
15-->[:firebase_messaging] AndroidManifest.xml:8:5-68
15-->[:firebase_messaging] AndroidManifest.xml:8:22-65
16    <uses-permission android:name="android.permission.POST_NOTIFICATIONS" />
16-->[:firebase_messaging] AndroidManifest.xml:11:5-77
16-->[:firebase_messaging] AndroidManifest.xml:11:22-74
17    <uses-permission android:name="android.permission.FOREGROUND_SERVICE" /> <!-- Required by older versions of Google Play services to create IID tokens -->
17-->[:geolocator_android] AndroidManifest.xml:7:5-77
17-->[:geolocator_android] AndroidManifest.xml:7:22-74
18    <uses-permission android:name="com.google.android.c2dm.permission.RECEIVE" />
18-->[com.google.firebase:firebase-messaging:23.1.0] AndroidManifest.xml:28:5-82
18-->[com.google.firebase:firebase-messaging:23.1.0] AndroidManifest.xml:28:22-79
19
20    <uses-feature
20-->[com.google.android.gms:play-services-maps:18.1.0] AndroidManifest.xml:26:5-28:35
21        android:glEsVersion="0x00020000"
21-->[com.google.android.gms:play-services-maps:18.1.0] AndroidManifest.xml:27:9-41
22        android:required="true" />
22-->[com.google.android.gms:play-services-maps:18.1.0] AndroidManifest.xml:28:9-32
23
24    <queries>
24-->[com.google.android.gms:play-services-maps:18.1.0] AndroidManifest.xml:30:5-34:15
25
26        <!-- Needs to be explicitly declared on Android R+ -->
27        <package android:name="com.google.android.apps.maps" />
27-->[com.google.android.gms:play-services-maps:18.1.0] AndroidManifest.xml:33:9-64
27-->[com.google.android.gms:play-services-maps:18.1.0] AndroidManifest.xml:33:18-61
28    </queries>
29
30    <permission
30-->[androidx.core:core:1.9.0] AndroidManifest.xml:22:5-24:47
31        android:name="com.smartersvision.food_delivery_app_2.DYNAMIC_RECEIVER_NOT_EXPORTED_PERMISSION"
31-->[androidx.core:core:1.9.0] AndroidManifest.xml:23:9-81
32        android:protectionLevel="signature" />
32-->[androidx.core:core:1.9.0] AndroidManifest.xml:24:9-44
33
34    <uses-permission android:name="com.smartersvision.food_delivery_app_2.DYNAMIC_RECEIVER_NOT_EXPORTED_PERMISSION" />
34-->[androidx.core:core:1.9.0] AndroidManifest.xml:26:5-97
34-->[androidx.core:core:1.9.0] AndroidManifest.xml:26:22-94
35    <!--
36 io.flutter.app.FlutterApplication is an android.app.Application that
37         calls FlutterMain.startInitialization(this); in its onCreate method.
38         In most cases you can leave this as-is, but you if you want to provide
39         additional functionality it is fine to subclass or reimplement
40         FlutterApplication and put your custom class here.
41    -->
42    <application
43        android:name="android.app.Application"
43-->src\main\AndroidManifest.xml:15:9-42
44        android:appComponentFactory="androidx.core.app.CoreComponentFactory"
44-->[androidx.core:core:1.9.0] AndroidManifest.xml:28:18-86
45        android:icon="@mipmap/ic_launcher"
45-->src\main\AndroidManifest.xml:16:9-43
46        android:label="Food Delivery App" >
46-->src\main\AndroidManifest.xml:14:9-42
47        <meta-data
47-->src\main\AndroidManifest.xml:18:9-19:77
48            android:name="com.google.android.geo.API_KEY"
48-->src\main\AndroidManifest.xml:18:20-65
49            android:value="AIzaSyDdyth2EiAjU9m9eE_obC5fnTY1yeVNTJU" />
49-->src\main\AndroidManifest.xml:19:20-75
50        <meta-data
50-->src\main\AndroidManifest.xml:20:9-22:62
51            android:name="com.google.firebase.messaging.default_notification_icon"
51-->src\main\AndroidManifest.xml:21:17-87
52            android:resource="@mipmap/ic_notification" />
52-->src\main\AndroidManifest.xml:22:17-59
53
54        <activity
54-->src\main\AndroidManifest.xml:23:9-47:20
55            android:name="com.smartersvision.food_delivery_app_2.MainActivity"
55-->src\main\AndroidManifest.xml:24:17-45
56            android:configChanges="orientation|keyboardHidden|keyboard|screenSize|smallestScreenSize|locale|layoutDirection|fontScale|screenLayout|density|uiMode"
56-->src\main\AndroidManifest.xml:28:17-167
57            android:exported="true"
57-->src\main\AndroidManifest.xml:25:17-40
58            android:hardwareAccelerated="true"
58-->src\main\AndroidManifest.xml:29:17-51
59            android:launchMode="singleTop"
59-->src\main\AndroidManifest.xml:26:17-47
60            android:theme="@style/LaunchTheme"
60-->src\main\AndroidManifest.xml:27:17-51
61            android:windowSoftInputMode="adjustResize" >
61-->src\main\AndroidManifest.xml:30:17-59
62
63            <!--
64                 Specifies an Android theme to apply to this Activity as soon as
65                 the Android process has started. This theme is visible to the user
66                 while the Flutter UI initializes. After that, this theme continues
67                 to determine the Window background behind the Flutter UI.
68            -->
69            <meta-data
69-->src\main\AndroidManifest.xml:35:13-38:17
70                android:name="io.flutter.embedding.android.NormalTheme"
70-->src\main\AndroidManifest.xml:36:15-70
71                android:resource="@style/NormalTheme" />
71-->src\main\AndroidManifest.xml:37:15-52
72
73            <intent-filter>
73-->src\main\AndroidManifest.xml:39:13-42:29
74                <action android:name="android.intent.action.MAIN" />
74-->src\main\AndroidManifest.xml:40:17-68
74-->src\main\AndroidManifest.xml:40:25-66
75
76                <category android:name="android.intent.category.LAUNCHER" />
76-->src\main\AndroidManifest.xml:41:17-76
76-->src\main\AndroidManifest.xml:41:27-74
77            </intent-filter>
78            <intent-filter>
78-->src\main\AndroidManifest.xml:43:13-46:29
79                <action android:name="FLUTTER_NOTIFICATION_CLICK" />
79-->src\main\AndroidManifest.xml:44:17-68
79-->src\main\AndroidManifest.xml:44:25-66
80
81                <category android:name="android.intent.category.DEFAULT" />
81-->src\main\AndroidManifest.xml:45:17-75
81-->src\main\AndroidManifest.xml:45:27-73
82            </intent-filter>
83        </activity>
84        <!--
85             Don't delete the meta-data below.
86             This is used by the Flutter tool to generate GeneratedPluginRegistrant.java
87        -->
88        <meta-data
88-->src\main\AndroidManifest.xml:50:9-52:33
89            android:name="flutterEmbedding"
89-->src\main\AndroidManifest.xml:51:13-44
90            android:value="2" />
90-->src\main\AndroidManifest.xml:52:13-30
91
92        <service
92-->[:cloud_firestore] AndroidManifest.xml:8:9-12:19
93            android:name="com.google.firebase.components.ComponentDiscoveryService"
93-->[:cloud_firestore] AndroidManifest.xml:8:18-89
94            android:directBootAware="true"
94-->[com.google.firebase:firebase-common:20.2.0] AndroidManifest.xml:34:13-43
95            android:exported="false" >
95-->[com.google.firebase:firebase-messaging:23.1.0] AndroidManifest.xml:54:13-37
96            <meta-data
96-->[:cloud_firestore] AndroidManifest.xml:9:13-11:85
97                android:name="com.google.firebase.components:io.flutter.plugins.firebase.firestore.FlutterFirebaseFirestoreRegistrar"
97-->[:cloud_firestore] AndroidManifest.xml:10:17-134
98                android:value="com.google.firebase.components.ComponentRegistrar" />
98-->[:cloud_firestore] AndroidManifest.xml:11:17-82
99            <meta-data
99-->[:firebase_auth] AndroidManifest.xml:9:13-11:85
100                android:name="com.google.firebase.components:io.flutter.plugins.firebase.auth.FlutterFirebaseAuthRegistrar"
100-->[:firebase_auth] AndroidManifest.xml:10:17-124
101                android:value="com.google.firebase.components.ComponentRegistrar" />
101-->[:firebase_auth] AndroidManifest.xml:11:17-82
102            <meta-data
102-->[:firebase_messaging] AndroidManifest.xml:36:13-38:85
103                android:name="com.google.firebase.components:io.flutter.plugins.firebase.messaging.FlutterFirebaseAppRegistrar"
103-->[:firebase_messaging] AndroidManifest.xml:37:17-128
104                android:value="com.google.firebase.components.ComponentRegistrar" />
104-->[:firebase_messaging] AndroidManifest.xml:38:17-82
105            <meta-data
105-->[:firebase_core] AndroidManifest.xml:9:13-11:85
106                android:name="com.google.firebase.components:io.flutter.plugins.firebase.core.FlutterFirebaseCoreRegistrar"
106-->[:firebase_core] AndroidManifest.xml:10:17-124
107                android:value="com.google.firebase.components.ComponentRegistrar" />
107-->[:firebase_core] AndroidManifest.xml:11:17-82
108            <meta-data
108-->[com.google.firebase:firebase-messaging:23.1.0] AndroidManifest.xml:55:13-57:85
109                android:name="com.google.firebase.components:com.google.firebase.messaging.FirebaseMessagingRegistrar"
109-->[com.google.firebase:firebase-messaging:23.1.0] AndroidManifest.xml:56:17-119
110                android:value="com.google.firebase.components.ComponentRegistrar" />
110-->[com.google.firebase:firebase-messaging:23.1.0] AndroidManifest.xml:57:17-82
111            <meta-data
111-->[com.google.firebase:firebase-auth:21.1.0] AndroidManifest.xml:67:13-69:85
112                android:name="com.google.firebase.components:com.google.firebase.auth.FirebaseAuthRegistrar"
112-->[com.google.firebase:firebase-auth:21.1.0] AndroidManifest.xml:68:17-109
113                android:value="com.google.firebase.components.ComponentRegistrar" />
113-->[com.google.firebase:firebase-auth:21.1.0] AndroidManifest.xml:69:17-82
114            <meta-data
114-->[com.google.firebase:firebase-iid:21.1.0] AndroidManifest.xml:32:13-34:85
115                android:name="com.google.firebase.components:com.google.firebase.iid.Registrar"
115-->[com.google.firebase:firebase-iid:21.1.0] AndroidManifest.xml:33:17-96
116                android:value="com.google.firebase.components.ComponentRegistrar" />
116-->[com.google.firebase:firebase-iid:21.1.0] AndroidManifest.xml:34:17-82
117            <meta-data
117-->[com.google.firebase:firebase-firestore:24.4.0] AndroidManifest.xml:19:13-21:85
118                android:name="com.google.firebase.components:com.google.firebase.firestore.FirestoreRegistrar"
118-->[com.google.firebase:firebase-firestore:24.4.0] AndroidManifest.xml:20:17-111
119                android:value="com.google.firebase.components.ComponentRegistrar" />
119-->[com.google.firebase:firebase-firestore:24.4.0] AndroidManifest.xml:21:17-82
120            <meta-data
120-->[com.google.firebase:firebase-installations:17.1.0] AndroidManifest.xml:17:13-19:85
121                android:name="com.google.firebase.components:com.google.firebase.installations.FirebaseInstallationsRegistrar"
121-->[com.google.firebase:firebase-installations:17.1.0] AndroidManifest.xml:18:17-127
122                android:value="com.google.firebase.components.ComponentRegistrar" />
122-->[com.google.firebase:firebase-installations:17.1.0] AndroidManifest.xml:19:17-82
123            <meta-data
123-->[com.google.firebase:firebase-datatransport:18.1.7] AndroidManifest.xml:27:13-29:85
124                android:name="com.google.firebase.components:com.google.firebase.datatransport.TransportRegistrar"
124-->[com.google.firebase:firebase-datatransport:18.1.7] AndroidManifest.xml:28:17-115
125                android:value="com.google.firebase.components.ComponentRegistrar" />
125-->[com.google.firebase:firebase-datatransport:18.1.7] AndroidManifest.xml:29:17-82
126        </service>
127        <service
127-->[:firebase_messaging] AndroidManifest.xml:14:9-17:72
128            android:name="io.flutter.plugins.firebase.messaging.FlutterFirebaseMessagingBackgroundService"
128-->[:firebase_messaging] AndroidManifest.xml:15:13-107
129            android:exported="false"
129-->[:firebase_messaging] AndroidManifest.xml:16:13-37
130            android:permission="android.permission.BIND_JOB_SERVICE" />
130-->[:firebase_messaging] AndroidManifest.xml:17:13-69
131        <service
131-->[:firebase_messaging] AndroidManifest.xml:18:9-24:19
132            android:name="io.flutter.plugins.firebase.messaging.FlutterFirebaseMessagingService"
132-->[:firebase_messaging] AndroidManifest.xml:19:13-97
133            android:exported="false" >
133-->[:firebase_messaging] AndroidManifest.xml:20:13-37
134            <intent-filter>
134-->[:firebase_messaging] AndroidManifest.xml:21:13-23:29
135                <action android:name="com.google.firebase.MESSAGING_EVENT" />
135-->[:firebase_messaging] AndroidManifest.xml:22:17-78
135-->[:firebase_messaging] AndroidManifest.xml:22:25-75
136            </intent-filter>
137        </service>
138
139        <receiver
139-->[:firebase_messaging] AndroidManifest.xml:26:9-33:20
140            android:name="io.flutter.plugins.firebase.messaging.FlutterFirebaseMessagingReceiver"
140-->[:firebase_messaging] AndroidManifest.xml:27:13-98
141            android:exported="true"
141-->[:firebase_messaging] AndroidManifest.xml:28:13-36
142            android:permission="com.google.android.c2dm.permission.SEND" >
142-->[:firebase_messaging] AndroidManifest.xml:29:13-73
143            <intent-filter>
143-->[:firebase_messaging] AndroidManifest.xml:30:13-32:29
144                <action android:name="com.google.android.c2dm.intent.RECEIVE" />
144-->[:firebase_messaging] AndroidManifest.xml:31:17-81
144-->[:firebase_messaging] AndroidManifest.xml:31:25-78
145            </intent-filter>
146        </receiver>
147
148        <provider
148-->[:firebase_messaging] AndroidManifest.xml:41:9-45:38
149            android:name="io.flutter.plugins.firebase.messaging.FlutterFirebaseMessagingInitProvider"
149-->[:firebase_messaging] AndroidManifest.xml:42:13-102
150            android:authorities="com.smartersvision.food_delivery_app_2.flutterfirebasemessaginginitprovider"
150-->[:firebase_messaging] AndroidManifest.xml:43:13-88
151            android:exported="false"
151-->[:firebase_messaging] AndroidManifest.xml:44:13-37
152            android:initOrder="99" />
152-->[:firebase_messaging] AndroidManifest.xml:45:13-35
153
154        <service
154-->[:geolocator_android] AndroidManifest.xml:10:9-14:56
155            android:name="com.baseflow.geolocator.GeolocatorLocationService"
155-->[:geolocator_android] AndroidManifest.xml:11:13-77
156            android:enabled="true"
156-->[:geolocator_android] AndroidManifest.xml:12:13-35
157            android:exported="false"
157-->[:geolocator_android] AndroidManifest.xml:13:13-37
158            android:foregroundServiceType="location" />
158-->[:geolocator_android] AndroidManifest.xml:14:13-53
159
160        <activity
160-->[:url_launcher_android] AndroidManifest.xml:8:9-11:74
161            android:name="io.flutter.plugins.urllauncher.WebViewActivity"
161-->[:url_launcher_android] AndroidManifest.xml:9:13-74
162            android:exported="false"
162-->[:url_launcher_android] AndroidManifest.xml:10:13-37
163            android:theme="@android:style/Theme.NoTitleBar.Fullscreen" />
163-->[:url_launcher_android] AndroidManifest.xml:11:13-71
164
165        <service
165-->[:location] AndroidManifest.xml:11:9-15:56
166            android:name="com.lyokone.location.FlutterLocationService"
166-->[:location] AndroidManifest.xml:12:13-71
167            android:enabled="true"
167-->[:location] AndroidManifest.xml:13:13-35
168            android:exported="false"
168-->[:location] AndroidManifest.xml:14:13-37
169            android:foregroundServiceType="location" />
169-->[:location] AndroidManifest.xml:15:13-53
170
171        <uses-library
171-->[androidx.window:window:1.0.0-beta04] AndroidManifest.xml:25:9-27:40
172            android:name="androidx.window.extensions"
172-->[androidx.window:window:1.0.0-beta04] AndroidManifest.xml:26:13-54
173            android:required="false" />
173-->[androidx.window:window:1.0.0-beta04] AndroidManifest.xml:27:13-37
174        <uses-library
174-->[androidx.window:window:1.0.0-beta04] AndroidManifest.xml:28:9-30:40
175            android:name="androidx.window.sidecar"
175-->[androidx.window:window:1.0.0-beta04] AndroidManifest.xml:29:13-51
176            android:required="false" />
176-->[androidx.window:window:1.0.0-beta04] AndroidManifest.xml:30:13-37
177
178        <receiver
178-->[com.google.firebase:firebase-messaging:23.1.0] AndroidManifest.xml:31:9-38:20
179            android:name="com.google.firebase.iid.FirebaseInstanceIdReceiver"
179-->[com.google.firebase:firebase-messaging:23.1.0] AndroidManifest.xml:32:13-78
180            android:exported="true"
180-->[com.google.firebase:firebase-messaging:23.1.0] AndroidManifest.xml:33:13-36
181            android:permission="com.google.android.c2dm.permission.SEND" >
181-->[com.google.firebase:firebase-messaging:23.1.0] AndroidManifest.xml:34:13-73
182            <intent-filter>
182-->[:firebase_messaging] AndroidManifest.xml:30:13-32:29
183                <action android:name="com.google.android.c2dm.intent.RECEIVE" />
183-->[:firebase_messaging] AndroidManifest.xml:31:17-81
183-->[:firebase_messaging] AndroidManifest.xml:31:25-78
184            </intent-filter>
185        </receiver>
186        <!--
187             FirebaseMessagingService performs security checks at runtime,
188             but set to not exported to explicitly avoid allowing another app to call it.
189        -->
190        <service
190-->[com.google.firebase:firebase-messaging:23.1.0] AndroidManifest.xml:44:9-51:19
191            android:name="com.google.firebase.messaging.FirebaseMessagingService"
191-->[com.google.firebase:firebase-messaging:23.1.0] AndroidManifest.xml:45:13-82
192            android:directBootAware="true"
192-->[com.google.firebase:firebase-messaging:23.1.0] AndroidManifest.xml:46:13-43
193            android:exported="false" >
193-->[com.google.firebase:firebase-messaging:23.1.0] AndroidManifest.xml:47:13-37
194            <intent-filter android:priority="-500" >
194-->[:firebase_messaging] AndroidManifest.xml:21:13-23:29
195                <action android:name="com.google.firebase.MESSAGING_EVENT" />
195-->[:firebase_messaging] AndroidManifest.xml:22:17-78
195-->[:firebase_messaging] AndroidManifest.xml:22:25-75
196            </intent-filter>
197        </service>
198
199        <activity
199-->[com.google.firebase:firebase-auth:21.1.0] AndroidManifest.xml:27:9-44:20
200            android:name="com.google.firebase.auth.internal.GenericIdpActivity"
200-->[com.google.firebase:firebase-auth:21.1.0] AndroidManifest.xml:28:13-80
201            android:excludeFromRecents="true"
201-->[com.google.firebase:firebase-auth:21.1.0] AndroidManifest.xml:29:13-46
202            android:exported="true"
202-->[com.google.firebase:firebase-auth:21.1.0] AndroidManifest.xml:30:13-36
203            android:launchMode="singleTask"
203-->[com.google.firebase:firebase-auth:21.1.0] AndroidManifest.xml:31:13-44
204            android:theme="@android:style/Theme.Translucent.NoTitleBar" >
204-->[com.google.firebase:firebase-auth:21.1.0] AndroidManifest.xml:32:13-72
205            <intent-filter>
205-->[com.google.firebase:firebase-auth:21.1.0] AndroidManifest.xml:33:13-43:29
206                <action android:name="android.intent.action.VIEW" />
206-->[com.google.firebase:firebase-auth:21.1.0] AndroidManifest.xml:34:17-69
206-->[com.google.firebase:firebase-auth:21.1.0] AndroidManifest.xml:34:25-66
207
208                <category android:name="android.intent.category.DEFAULT" />
208-->src\main\AndroidManifest.xml:45:17-75
208-->src\main\AndroidManifest.xml:45:27-73
209                <category android:name="android.intent.category.BROWSABLE" />
209-->[com.google.firebase:firebase-auth:21.1.0] AndroidManifest.xml:37:17-78
209-->[com.google.firebase:firebase-auth:21.1.0] AndroidManifest.xml:37:27-75
210
211                <data
211-->[com.google.firebase:firebase-auth:21.1.0] AndroidManifest.xml:39:17-42:51
212                    android:host="firebase.auth"
212-->[com.google.firebase:firebase-auth:21.1.0] AndroidManifest.xml:40:21-49
213                    android:path="/"
213-->[com.google.firebase:firebase-auth:21.1.0] AndroidManifest.xml:41:21-37
214                    android:scheme="genericidp" />
214-->[com.google.firebase:firebase-auth:21.1.0] AndroidManifest.xml:42:21-48
215            </intent-filter>
216        </activity>
217        <activity
217-->[com.google.firebase:firebase-auth:21.1.0] AndroidManifest.xml:45:9-62:20
218            android:name="com.google.firebase.auth.internal.RecaptchaActivity"
218-->[com.google.firebase:firebase-auth:21.1.0] AndroidManifest.xml:46:13-79
219            android:excludeFromRecents="true"
219-->[com.google.firebase:firebase-auth:21.1.0] AndroidManifest.xml:47:13-46
220            android:exported="true"
220-->[com.google.firebase:firebase-auth:21.1.0] AndroidManifest.xml:48:13-36
221            android:launchMode="singleTask"
221-->[com.google.firebase:firebase-auth:21.1.0] AndroidManifest.xml:49:13-44
222            android:theme="@android:style/Theme.Translucent.NoTitleBar" >
222-->[com.google.firebase:firebase-auth:21.1.0] AndroidManifest.xml:50:13-72
223            <intent-filter>
223-->[com.google.firebase:firebase-auth:21.1.0] AndroidManifest.xml:51:13-61:29
224                <action android:name="android.intent.action.VIEW" />
224-->[com.google.firebase:firebase-auth:21.1.0] AndroidManifest.xml:34:17-69
224-->[com.google.firebase:firebase-auth:21.1.0] AndroidManifest.xml:34:25-66
225
226                <category android:name="android.intent.category.DEFAULT" />
226-->src\main\AndroidManifest.xml:45:17-75
226-->src\main\AndroidManifest.xml:45:27-73
227                <category android:name="android.intent.category.BROWSABLE" />
227-->[com.google.firebase:firebase-auth:21.1.0] AndroidManifest.xml:37:17-78
227-->[com.google.firebase:firebase-auth:21.1.0] AndroidManifest.xml:37:27-75
228
229                <data
229-->[com.google.firebase:firebase-auth:21.1.0] AndroidManifest.xml:39:17-42:51
230                    android:host="firebase.auth"
230-->[com.google.firebase:firebase-auth:21.1.0] AndroidManifest.xml:40:21-49
231                    android:path="/"
231-->[com.google.firebase:firebase-auth:21.1.0] AndroidManifest.xml:41:21-37
232                    android:scheme="recaptcha" />
232-->[com.google.firebase:firebase-auth:21.1.0] AndroidManifest.xml:42:21-48
233            </intent-filter>
234        </activity> <!-- Needs to be explicitly declared on P+ -->
235        <uses-library
235-->[com.google.android.gms:play-services-maps:18.1.0] AndroidManifest.xml:39:9-41:40
236            android:name="org.apache.http.legacy"
236-->[com.google.android.gms:play-services-maps:18.1.0] AndroidManifest.xml:40:13-50
237            android:required="false" />
237-->[com.google.android.gms:play-services-maps:18.1.0] AndroidManifest.xml:41:13-37
238
239        <activity
239-->[com.google.android.gms:play-services-base:18.1.0] AndroidManifest.xml:20:9-22:45
240            android:name="com.google.android.gms.common.api.GoogleApiActivity"
240-->[com.google.android.gms:play-services-base:18.1.0] AndroidManifest.xml:20:19-85
241            android:exported="false"
241-->[com.google.android.gms:play-services-base:18.1.0] AndroidManifest.xml:22:19-43
242            android:theme="@android:style/Theme.Translucent.NoTitleBar" />
242-->[com.google.android.gms:play-services-base:18.1.0] AndroidManifest.xml:21:19-78
243
244        <provider
244-->[com.google.firebase:firebase-common:20.2.0] AndroidManifest.xml:25:9-30:39
245            android:name="com.google.firebase.provider.FirebaseInitProvider"
245-->[com.google.firebase:firebase-common:20.2.0] AndroidManifest.xml:26:13-77
246            android:authorities="com.smartersvision.food_delivery_app_2.firebaseinitprovider"
246-->[com.google.firebase:firebase-common:20.2.0] AndroidManifest.xml:27:13-72
247            android:directBootAware="true"
247-->[com.google.firebase:firebase-common:20.2.0] AndroidManifest.xml:28:13-43
248            android:exported="false"
248-->[com.google.firebase:firebase-common:20.2.0] AndroidManifest.xml:29:13-37
249            android:initOrder="100" />
249-->[com.google.firebase:firebase-common:20.2.0] AndroidManifest.xml:30:13-36
250
251        <meta-data
251-->[com.google.android.gms:play-services-basement:18.1.0] AndroidManifest.xml:21:9-23:69
252            android:name="com.google.android.gms.version"
252-->[com.google.android.gms:play-services-basement:18.1.0] AndroidManifest.xml:22:13-58
253            android:value="@integer/google_play_services_version" />
253-->[com.google.android.gms:play-services-basement:18.1.0] AndroidManifest.xml:23:13-66
254
255        <service
255-->[com.google.android.datatransport:transport-backend-cct:3.1.8] AndroidManifest.xml:28:9-34:19
256            android:name="com.google.android.datatransport.runtime.backends.TransportBackendDiscovery"
256-->[com.google.android.datatransport:transport-backend-cct:3.1.8] AndroidManifest.xml:29:13-103
257            android:exported="false" >
257-->[com.google.android.datatransport:transport-backend-cct:3.1.8] AndroidManifest.xml:30:13-37
258            <meta-data
258-->[com.google.android.datatransport:transport-backend-cct:3.1.8] AndroidManifest.xml:31:13-33:39
259                android:name="backend:com.google.android.datatransport.cct.CctBackendFactory"
259-->[com.google.android.datatransport:transport-backend-cct:3.1.8] AndroidManifest.xml:32:17-94
260                android:value="cct" />
260-->[com.google.android.datatransport:transport-backend-cct:3.1.8] AndroidManifest.xml:33:17-36
261        </service>
262        <service
262-->[com.google.android.datatransport:transport-runtime:3.1.8] AndroidManifest.xml:26:9-30:19
263            android:name="com.google.android.datatransport.runtime.scheduling.jobscheduling.JobInfoSchedulerService"
263-->[com.google.android.datatransport:transport-runtime:3.1.8] AndroidManifest.xml:27:13-117
264            android:exported="false"
264-->[com.google.android.datatransport:transport-runtime:3.1.8] AndroidManifest.xml:28:13-37
265            android:permission="android.permission.BIND_JOB_SERVICE" >
265-->[com.google.android.datatransport:transport-runtime:3.1.8] AndroidManifest.xml:29:13-69
266        </service>
267
268        <receiver
268-->[com.google.android.datatransport:transport-runtime:3.1.8] AndroidManifest.xml:32:9-34:40
269            android:name="com.google.android.datatransport.runtime.scheduling.jobscheduling.AlarmManagerSchedulerBroadcastReceiver"
269-->[com.google.android.datatransport:transport-runtime:3.1.8] AndroidManifest.xml:33:13-132
270            android:exported="false" />
270-->[com.google.android.datatransport:transport-runtime:3.1.8] AndroidManifest.xml:34:13-37
271    </application>
272
273</manifest>